2023-09-04 06:47:53,281 [INFO ] | main | io.vertx.up.unity.D10047Tc | [1;30m[ μηδέν ] [m[ Tc ] Test input file reading from: test/io.vertx.up.unity/d10047.json 
2023-09-04 06:47:53,311 [INFO ] | main | io.vertx.up.unity.D10047Tc | [1;30m[ μηδέν ] [m[ Tc ] Test input file reading from: test/io.vertx.up.unity/d10047.json 
2023-09-04 06:47:53,313 [INFO ] | main | io.vertx.up.unity.ToCommon | [1;30m[ μηδέν ] [mMount pojo configuration file d10047 
2023-09-04 06:47:53,357 [INFO ] | main | io.vertx.up.unity.D10047Tc | [1;30m[ μηδέν ] [m[ Tc ] Test input file reading from: test/io.vertx.up.unity/d10047-mapping.json 
2023-09-04 06:47:53,359 [INFO ] | main | io.vertx.up.unity.D10047Tc | [1;30m[ μηδέν ] [m[ Tc ] Test input file reading from: test/io.vertx.up.unity/d10047.json 
2023-09-04 06:47:53,430 [WARN ] | main | io.netty.resolver.dns.DnsServerAddressStreamProviders | Can not find io.netty.resolver.dns.macos.MacOSDnsServerAddressStreamProvider in the classpath, fallback to system defaults. This may result in incorrect DNS resolutions on MacOS. Check whether you have a dependency on 'io.netty:netty-resolver-dns-native-macos' 
2023-09-04 06:47:53,441 [INFO ] | main | io.vertx.up.unity.UxArrayTc | [1;30m[ μηδέν ] [m[ Tc ] Test input file reading from: test/io.vertx.up.unity/source.json 
2023-09-04 06:47:53,443 [INFO ] | main | io.vertx.up.unity.UxArrayTc | [1;30m[ μηδέν ] [m[ Tc ] Test input file reading from: test/io.vertx.up.unity/target.json 
2023-09-04 06:47:53,466 [INFO ] | main | io.vertx.up.unity.RxJavaTc | [1;30m[ μηδέν ] [mContains 
2023-09-04 06:47:53,467 [INFO ] | main | io.vertx.up.unity.RxJavaTc | [1;30m[ μηδέν ] [mkey1 
2023-09-04 06:47:53,467 [INFO ] | main | io.vertx.up.unity.RxJavaTc | [1;30m[ μηδέν ] [mkey2 
2023-09-04 06:47:53,467 [INFO ] | main | io.vertx.up.unity.RxJavaTc | [1;30m[ μηδέν ] [mfield1 
2023-09-04 06:47:53,468 [INFO ] | main | io.vertx.up.unity.RxJavaTc | [1;30m[ μηδέν ] [mNone 
2023-09-04 06:47:53,468 [INFO ] | main | io.vertx.up.unity.RxJavaTc | [1;30m[ μηδέν ] [mkey3 
2023-09-04 06:47:53,468 [INFO ] | main | io.vertx.up.unity.RxJavaTc | [1;30m[ μηδέν ] [mfield3 
2023-09-04 06:47:53,468 [INFO ] | main | io.vertx.up.unity.RxJavaTc | [1;30m[ μηδέν ] [mfield2 
2023-09-04 06:47:53,472 [INFO ] | main | io.vertx.up.unity.D10046FirstTc | [1;30m[ μηδέν ] [m[ Tc ] Test input file reading from: test/io.vertx.up.unity/d10046.json 
2023-09-04 06:47:53,475 [INFO ] | main | io.vertx.up.unity.D10046FirstTc | [1;30m[ μηδέν ] [m[ Tc ] Test input file reading from: test/io.vertx.up.unity/d10046.json 
2023-09-04 06:47:53,484 [INFO ] | main | io.vertx.up.unity.D10046FirstTc | [1;30m[ μηδέν ] [m[ Tc ] Test input file reading from: test/io.vertx.up.unity/d10046-arr.json 
2023-09-04 06:47:53,488 [INFO ] | main | io.vertx.up.unity.IrAndTc | [1;30m[ μηδέν ] [m[ Tc ] Test input file reading from: test/io.vertx.up.unity/qr-left.json 
2023-09-04 06:47:53,489 [INFO ] | main | io.vertx.up.unity.IrAndTc | [1;30m[ μηδέν ] [m[ Tc ] Test input file reading from: test/io.vertx.up.unity/qr-right.json 
2023-09-04 06:47:53,496 [INFO ] | main | io.vertx.up.unity.D10051Tc | [1;30m[ μηδέν ] [m[ Tc ] Test input file reading from: test/io.vertx.up.unity/d10051.json 
2023-09-04 06:47:53,498 [INFO ] | main | io.vertx.up.unity.ToCommon | [1;30m[ μηδέν ] [mMount pojo configuration file d10051 
2023-09-04 06:47:53,503 [INFO ] | main | io.vertx.up.unity.UxToTc | [1;30m[ μηδέν ] [m[ ZERO TEST ] Data: {"name":"Lang","email":"lang.yu@hpe.com","age":12} 
2023-09-04 06:47:53,506 [INFO ] | main | io.vertx.up.unity.ToCommon | [1;30m[ μηδέν ] [mMount pojo configuration file user 
2023-09-04 06:47:53,507 [INFO ] | main | io.vertx.up.unity.UxToTc | [1;30m[ μηδέν ] [m[ ZERO TEST ] Pojo Data: {"zName":"Lang","zEmail":"lang.yu@hpe.com","age":12} 
2023-09-04 06:47:53,520 [INFO ] | main | io.vertx.up.util.Jackson1Tc | [1;30m[ μηδέν ] [m[ Tc ] Test input file reading from: test/io.vertx.up.util/pojo.json 
2023-09-04 06:47:53,530 [INFO ] | main | io.vertx.up.commune.ActInTc | [1;30m[ μηδέν ] [m[ Tc ] Test input file reading from: test/io.vertx.up.commune/request.json 
2023-09-04 06:47:53,535 [INFO ] | main | io.vertx.up.uca.jooq.util.JqCondTc | [1;30m[ μηδέν ] [m[ Tc ] Test input file reading from: test/io.vertx.up.uca.jooq.util/input.json 
2023-09-04 06:47:53,542 [INFO ] | main | io.vertx.up.uca.web.ZeroSerializationTc | [1;30m[ μηδέν ] [m[TEST] Data = Test StringBuilder, Type = java.lang.StringBuilder. 
2023-09-04 06:47:53,546 [WARN ] | main | io.vertx.up.uca.serialization.BooleanSaber | [1;30m[ μηδέν ] [m[ ERR-60004 ] ( BooleanSaber ) Web Error: (400) - Zero system detect conversation from "TEST" to type "boolean", but its conflict 
2023-09-04 06:47:53,546 [WARN ] | main | io.vertx.up.uca.serialization.BooleanSaber | [ ERR-60004 ] ( BooleanSaber ) Web Error: (400) - Zero system detect conversation from "TEST" to type "boolean", but its conflict 
2023-09-04 06:47:53,550 [INFO ] | main | io.vertx.up.uca.web.ZeroSerializationTc | [1;30m[ μηδέν ] [m[TEST] Data = true, Type = java.lang.Boolean. 
2023-09-04 06:47:53,555 [INFO ] | main | io.vertx.up.uca.web.ZeroSerializationTc | [1;30m[ μηδέν ] [m[TEST] Data = false, Type = java.lang.Boolean. 
2023-09-04 06:47:53,559 [INFO ] | main | io.vertx.up.uca.web.ZeroSerializationTc | [1;30m[ μηδέν ] [m[TEST] Data = [{name=Lang}], Type = java.util.Set. 
2023-09-04 06:47:53,562 [INFO ] | main | io.vertx.up.uca.web.ZeroSerializationTc | [1;30m[ μηδέν ] [m[TEST] Data = [{name=Lang}], Type = java.util.List. 
2023-09-04 06:47:53,566 [INFO ] | main | io.vertx.up.uca.web.ZeroSerializationTc | [1;30m[ μηδέν ] [m[TEST] Data = 12/9/18, 12:00 AM, Type = java.util.Date. 
2023-09-04 06:47:53,571 [INFO ] | main | io.vertx.up.uca.web.ZeroSerializationTc | [1;30m[ μηδέν ] [m[TEST] Data = java.util.GregorianCalendar[time=1544284800000,areFieldsSet=true,areAllFieldsSet=true,lenient=true,zone=sun.util.calendar.ZoneInfo[id="Asia/Shanghai",offset=28800000,dstSavings=0,useDaylight=false,transitions=31,lastRule=null],firstDayOfWeek=1,minimalDaysInFirstWeek=1,ERA=1,YEAR=2018,MONTH=11,WEEK_OF_YEAR=50,WEEK_OF_MONTH=3,DAY_OF_MONTH=9,DAY_OF_YEAR=343,DAY_OF_WEEK=1,DAY_OF_WEEK_IN_MONTH=2,AM_PM=0,HOUR=0,HOUR_OF_DAY=0,MINUTE=0,SECOND=0,MILLISECOND=0,ZONE_OFFSET=28800000,DST_OFFSET=0], Type = java.util.Calendar. 
2023-09-04 06:47:53,574 [INFO ] | main | io.vertx.up.uca.web.ZeroSerializationTc | [1;30m[ μηδέν ] [m[TEST] Data = STRING, Type = io.vertx.up.uca.web.TestEnum. 
2023-09-04 06:47:53,576 [INFO ] | main | io.vertx.up.uca.web.ZeroSerializationTc | [1;30m[ μηδέν ] [m[TEST] Data = OBJECT, Type = io.vertx.up.uca.web.TestEnum. 
2023-09-04 06:47:53,580 [INFO ] | main | io.vertx.up.uca.web.ZeroSerializationTc | [1;30m[ μηδέν ] [m[TEST] Data = 12,345,123,123, Type = java.lang.Long. 
2023-09-04 06:47:53,583 [INFO ] | main | io.vertx.up.uca.web.ZeroSerializationTc | [1;30m[ μηδέν ] [m[TEST] Data = 1,234,512,312,312, Type = long. 
2023-09-04 06:47:53,587 [INFO ] | main | io.vertx.up.uca.web.ZeroSerializationTc | [1;30m[ μηδέν ] [m[TEST] Data = 1,234, Type = java.lang.Integer. 
2023-09-04 06:47:53,590 [INFO ] | main | io.vertx.up.uca.web.ZeroSerializationTc | [1;30m[ μηδέν ] [m[TEST] Data = 123,456, Type = int. 
2023-09-04 06:47:53,602 [INFO ] | main | io.vertx.up.uca.web.ZeroSerializationTc | [1;30m[ μηδέν ] [m[TEST] Data = [{name=Lang}], Type = java.util.ArrayList. 
2023-09-04 06:47:53,606 [INFO ] | main | io.vertx.up.uca.web.ZeroSerializationTc | [1;30m[ μηδέν ] [m[TEST] Data = null, Type = java.util.TreeSet. 
2023-09-04 06:47:53,609 [INFO ] | main | io.vertx.up.uca.web.ZeroSerializationTc | [1;30m[ μηδέν ] [m[TEST] Data = [{username=Xi, email=lang.xi@hpe.com}, {username=Lang, age=33}], Type = java.util.Set. 
2023-09-04 06:47:53,613 [INFO ] | main | io.vertx.up.uca.web.ZeroSerializationTc | [1;30m[ μηδέν ] [m[TEST] Data = Test StringBuffer, Type = java.lang.StringBuffer. 
2023-09-04 06:47:53,616 [INFO ] | main | io.vertx.up.uca.web.ZeroSerializationTc | [1;30m[ μηδέν ] [m[TEST] Data = 12,345.33, Type = java.math.BigDecimal. 
2023-09-04 06:47:53,619 [INFO ] | main | io.vertx.up.uca.web.ZeroSerializationTc | [1;30m[ μηδέν ] [m[TEST] Data = [B@6c302a1d, Type = [Ljava.lang.Byte;. 
2023-09-04 06:47:53,622 [INFO ] | main | io.vertx.up.uca.web.ZeroSerializationTc | [1;30m[ μηδέν ] [m[TEST] Data = [B@5bb51241, Type = [B. 
2023-09-04 06:47:53,625 [INFO ] | main | io.vertx.up.uca.web.ZeroSerializationTc | [1;30m[ μηδέν ] [m[TEST] Data = 12,345.33, Type = float. 
2023-09-04 06:47:53,627 [INFO ] | main | io.vertx.up.uca.web.ZeroSerializationTc | [1;30m[ μηδέν ] [m[TEST] Data = 12,345.33, Type = java.lang.Float. 
2023-09-04 06:47:53,631 [INFO ] | main | io.vertx.up.uca.web.ZeroSerializationTc | [1;30m[ μηδέν ] [m[TEST] Data = [{"name":"Lang"}], Type = io.vertx.core.json.JsonArray. 
2023-09-04 06:47:53,634 [INFO ] | main | io.vertx.up.uca.web.ZeroSerializationTc | [1;30m[ μηδέν ] [m[TEST] Data = 12,345.33, Type = double. 
2023-09-04 06:47:53,638 [INFO ] | main | io.vertx.up.uca.web.ZeroSerializationTc | [1;30m[ μηδέν ] [m[TEST] Data = 12,345.33, Type = java.lang.Double. 
2023-09-04 06:47:53,640 [INFO ] | main | io.vertx.up.uca.web.ZeroSerializationTc | [1;30m[ μηδέν ] [m[TEST] Data = {"name":"Lang"}, Type = io.vertx.core.json.JsonObject. 
2023-09-04 06:47:53,643 [INFO ] | main | io.vertx.up.uca.web.ZeroSerializationTc | [1;30m[ μηδέν ] [m[TEST] Data = 12,345, Type = short. 
2023-09-04 06:47:53,646 [INFO ] | main | io.vertx.up.uca.web.ZeroSerializationTc | [1;30m[ μηδέν ] [m[TEST] Data = 12,345, Type = java.lang.Short. 
2023-09-04 06:47:53,649 [INFO ] | main | io.vertx.up.uca.web.ZeroSerializationTc | [1;30m[ μηδέν ] [m[TEST] Data = 1234, Type = java.lang.String. 
2023-09-04 06:47:53,655 [INFO ] | main | io.vertx.up.uca.web.ZeroTypeTc | [1;30m[ μηδέν ] [m[TEST] Data = {"request":2}, Type = java.lang.Integer. 
2023-09-04 06:47:53,658 [INFO ] | main | io.vertx.up.uca.web.ZeroTypeTc | [1;30m[ μηδέν ] [m[TEST] Data = {"request":["Hello"]}, Type = java.util.HashSet. 
2023-09-04 06:47:53,661 [INFO ] | main | io.vertx.up.uca.web.ZeroTypeTc | [1;30m[ μηδέν ] [m[TEST] Data = {"request":"AAAAAAAAAAAAAAAAAAAAAA"}, Type = [B. 
2023-09-04 06:47:53,664 [INFO ] | main | io.vertx.up.uca.web.ZeroTypeTc | [1;30m[ μηδέν ] [m[TEST] Data = {"request":1693781273663}, Type = java.util.GregorianCalendar. 
2023-09-04 06:47:53,666 [INFO ] | main | io.vertx.up.uca.web.ZeroTypeTc | [1;30m[ μηδέν ] [m[TEST] Data = {"request":"2023-09-04"}, Type = java.time.LocalDate. 
2023-09-04 06:47:53,667 [INFO ] | main | io.vertx.up.uca.web.ZeroTypeTc | [1;30m[ μηδέν ] [m[TEST] Data = {"request":"06:47:53.666904"}, Type = java.time.LocalTime. 
2023-09-04 06:47:53,667 [INFO ] | main | io.vertx.up.uca.web.ZeroTypeTc | [1;30m[ μηδέν ] [m[TEST] Data = {"request":"2023-09-04T06:47:53.667061"}, Type = java.time.LocalDateTime. 
2023-09-04 06:47:53,669 [INFO ] | main | io.vertx.up.uca.web.ZeroTypeTc | [1;30m[ μηδέν ] [m[TEST] Data = {"request":22}, Type = java.lang.Long. 
2023-09-04 06:47:53,673 [INFO ] | main | io.vertx.up.uca.web.ZeroTypeTc | [1;30m[ μηδέν ] [m[TEST] Data = {"request":[{"name":"Lang","email":"silentbalanceyh@126.com"},null]}, Type = [Lio.vertx.up.uca.web.User;. 
2023-09-04 06:47:53,676 [INFO ] | main | io.vertx.up.uca.web.ZeroTypeTc | [1;30m[ μηδέν ] [m[TEST] Data = {"request":1693781273675}, Type = java.util.Date. 
2023-09-04 06:47:53,679 [INFO ] | main | io.vertx.up.uca.web.ZeroTypeTc | [1;30m[ μηδέν ] [m[TEST] Data = {"request":"STRING"}, Type = io.vertx.up.uca.web.KTest. 
2023-09-04 06:47:53,682 [INFO ] | main | io.vertx.up.uca.web.ZeroTypeTc | [1;30m[ μηδέν ] [m[TEST] Data = {"request":3}, Type = java.lang.Integer. 
2023-09-04 06:47:53,684 [INFO ] | main | io.vertx.up.uca.web.ZeroTypeTc | [1;30m[ μηδέν ] [m[TEST] Data = {"request":3}, Type = java.lang.Long. 
2023-09-04 06:47:53,686 [INFO ] | main | io.vertx.up.uca.web.ZeroTypeTc | [1;30m[ μηδέν ] [m[TEST] Data = {"request":null}, Type = null. 
2023-09-04 06:47:53,689 [INFO ] | main | io.vertx.up.uca.web.ZeroTypeTc | [1;30m[ μηδέν ] [m[TEST] Data = {"request":null}, Type = io.vertx.up.uca.web.User. 
2023-09-04 06:47:53,691 [INFO ] | main | io.vertx.up.uca.web.ZeroTypeTc | [1;30m[ μηδέν ] [m[TEST] Data = {"request":[{"name":"Lang","email":"silentbalanceyh@126.com"}]}, Type = java.util.ArrayList. 
2023-09-04 06:47:53,694 [INFO ] | main | io.vertx.up.uca.web.ZeroTypeTc | [1;30m[ μηδέν ] [m[TEST] Data = {"request":3.33}, Type = java.lang.Float. 
2023-09-04 06:47:53,695 [INFO ] | main | io.vertx.up.uca.web.ZeroTypeTc | [1;30m[ μηδέν ] [m[TEST] Data = {"request":2.44}, Type = java.math.BigDecimal. 
2023-09-04 06:47:53,698 [INFO ] | main | io.vertx.up.uca.web.ZeroTypeTc | [1;30m[ μηδέν ] [m[TEST] Data = {"request":"Buffer"}, Type = java.lang.StringBuffer. 
2023-09-04 06:47:53,700 [INFO ] | main | io.vertx.up.uca.web.ZeroTypeTc | [1;30m[ μηδέν ] [m[TEST] Data = {"request":2.33}, Type = java.lang.Double. 
2023-09-04 06:47:53,702 [INFO ] | main | io.vertx.up.uca.web.ZeroTypeTc | [1;30m[ μηδέν ] [m[TEST] Data = {"request":3.33}, Type = java.lang.Float. 
2023-09-04 06:47:53,705 [INFO ] | main | io.vertx.up.uca.web.ZeroTypeTc | [1;30m[ μηδέν ] [m[TEST] Data = {"request":["Hello","Lang"]}, Type = [Ljava.lang.String;. 
2023-09-04 06:47:53,710 [INFO ] | main | io.vertx.up.uca.serialization.BufferSaberTc | [1;30m[ μηδέν ] [m[ Tc ] Test input file reading from: test/io.vertx.up.uca.serialization/data 
2023-09-04 06:47:53,762 [INFO ] | main | io.vertx.up.runtime.ZeroPack | [1;30m[ μηδέν ] [mIgnored packages: [ "android.annotation", "aj.org.objectweb", "camundajar", "camundafeel", "cglib", "ch.qos.logback", "co.paralleluniverse", "connectjar", "com.aliyun", "com.carrotsearch", "com.eclipsesource", "com.esotericsoftware", "com.fasterxml", "com.github", "com.google", "com.graphbuilder", "com.hazelcast", "com.hp", "com.intellij", "com.jcraft.jzlib", "com.microfocus", "com.microsoft", "com.mysql", "com.netflix", "com.oracle", "com.sun", "com.tdunning", "com.zaxxer", "com.codahale", "de.javakaffee", "de.odysseus", "examples", "fastparse", "geny", "io.github", "io.github.jklingsporn", "io.grpc", "io.micrometer", "io.netty", "io.opentracing", "io.prometheus", "io.perfmark", "io.reactivex", "io.r2dbc", "io.termd", "io.vertx.codegen", "io.vertx.config", "io.vertx.core", "io.vertx.ext", "io.vertx.lang", "io.vertx.spi", "io.vertx.zero", "io.zero", "jakarta", "joptsimple", "java", "java.util.concurrent", "javassist", "javax", "jdk", "junit", "kotlin", "me.escofflier", "mousio", "net", "oracle", "org.HdrHistogram", "org.aopalliance", "org.aspectj", "org.apache", "org.camunda", "org.checkerframework", "org.cliffc", "org.conscrypt", "org.codehaus", "org.eclipse", "org.elasticsearch", "org.etsi", "org.glassfish", "org.hamcrest", "org.hibernate", "org.intellij", "org.infinispan", "org.jboss", "org.jetbrains", "org.jgroups", "org.joda", "org.jooq", "org.json", "org.junit", "org.jvnet", "org.mvel2", "org.neo4j", "org.objenesis", "org.objectweb", "org.openxmlformats", "org.osgi", "org.reactivestreams", "org.reflections", "org.slf4j", "org.tartarus", "org.w3c", "org.w3", "org.wildfly", "org.xml", "org.yaml", "protostream", "picocli", "redis", "scala", "sourcecode", "schemaorg_apache_xmlbeans", "sun", "META-INF" ], please check whether contains yours 
2023-09-04 06:47:53,951 [INFO ] | main | io.vertx.up.runtime.ZeroPack | [1;30m[ μηδέν ] [mZero system scanned `752` classes in total. 
2023-09-04 06:47:53,952 [INFO ] | main | io.vertx.up.boot.origin.GuiceInquirer | [1;30m[ μηδέν ] [m[ DI ] The DI environment will be initialized! Total = `752` 
2023-09-04 06:47:53,960 [INFO ] | main | io.vertx.up.boot.origin.GuiceInquirer | [1;30m[ μηδέν ] [m[ DI ] 1st scanned, field = 0, method = 0, constructor = 0 
2023-09-04 06:47:53,995 [INFO ] | main | io.vertx.boot.supply.ZeroAnno | [1;30m[ μηδέν ] [mZero Zone DI Environment.... Size= 752 
2023-09-04 06:47:53,997 [WARN ] | main | io.vertx.up.boot.origin.WallInquirer | [ ERR-40038 ] ( WallInquirer ) Booting Error: (Security) Zero system detected duplicated "Wall" classes [io.vertx.quiz.example.WallKeeper2,io.vertx.quiz.example.WallKeeper3,io.vertx.quiz.example.WallKeeper1] (Path & Order) should not be the same, it's invalid 
2023-09-04 07:21:14,579 [INFO ] | main | io.vertx.up.unity.D10047Tc | [1;30m[ μηδέν ] [m[ Tc ] Test input file reading from: test/io.vertx.up.unity/d10047.json 
2023-09-04 07:21:14,610 [INFO ] | main | io.vertx.up.unity.D10047Tc | [1;30m[ μηδέν ] [m[ Tc ] Test input file reading from: test/io.vertx.up.unity/d10047.json 
2023-09-04 07:21:14,612 [INFO ] | main | io.vertx.up.unity.ToCommon | [1;30m[ μηδέν ] [mMount pojo configuration file d10047 
2023-09-04 07:21:14,655 [INFO ] | main | io.vertx.up.unity.D10047Tc | [1;30m[ μηδέν ] [m[ Tc ] Test input file reading from: test/io.vertx.up.unity/d10047-mapping.json 
2023-09-04 07:21:14,657 [INFO ] | main | io.vertx.up.unity.D10047Tc | [1;30m[ μηδέν ] [m[ Tc ] Test input file reading from: test/io.vertx.up.unity/d10047.json 
2023-09-04 07:21:14,725 [WARN ] | main | io.netty.resolver.dns.DnsServerAddressStreamProviders | Can not find io.netty.resolver.dns.macos.MacOSDnsServerAddressStreamProvider in the classpath, fallback to system defaults. This may result in incorrect DNS resolutions on MacOS. Check whether you have a dependency on 'io.netty:netty-resolver-dns-native-macos' 
2023-09-04 07:21:14,737 [INFO ] | main | io.vertx.up.unity.UxArrayTc | [1;30m[ μηδέν ] [m[ Tc ] Test input file reading from: test/io.vertx.up.unity/source.json 
2023-09-04 07:21:14,740 [INFO ] | main | io.vertx.up.unity.UxArrayTc | [1;30m[ μηδέν ] [m[ Tc ] Test input file reading from: test/io.vertx.up.unity/target.json 
2023-09-04 07:21:14,768 [INFO ] | main | io.vertx.up.unity.RxJavaTc | [1;30m[ μηδέν ] [mContains 
2023-09-04 07:21:14,768 [INFO ] | main | io.vertx.up.unity.RxJavaTc | [1;30m[ μηδέν ] [mkey1 
2023-09-04 07:21:14,768 [INFO ] | main | io.vertx.up.unity.RxJavaTc | [1;30m[ μηδέν ] [mkey2 
2023-09-04 07:21:14,768 [INFO ] | main | io.vertx.up.unity.RxJavaTc | [1;30m[ μηδέν ] [mfield1 
2023-09-04 07:21:14,769 [INFO ] | main | io.vertx.up.unity.RxJavaTc | [1;30m[ μηδέν ] [mNone 
2023-09-04 07:21:14,769 [INFO ] | main | io.vertx.up.unity.RxJavaTc | [1;30m[ μηδέν ] [mkey3 
2023-09-04 07:21:14,769 [INFO ] | main | io.vertx.up.unity.RxJavaTc | [1;30m[ μηδέν ] [mfield3 
2023-09-04 07:21:14,769 [INFO ] | main | io.vertx.up.unity.RxJavaTc | [1;30m[ μηδέν ] [mfield2 
2023-09-04 07:21:14,773 [INFO ] | main | io.vertx.up.unity.D10046FirstTc | [1;30m[ μηδέν ] [m[ Tc ] Test input file reading from: test/io.vertx.up.unity/d10046.json 
2023-09-04 07:21:14,775 [INFO ] | main | io.vertx.up.unity.D10046FirstTc | [1;30m[ μηδέν ] [m[ Tc ] Test input file reading from: test/io.vertx.up.unity/d10046.json 
2023-09-04 07:21:14,784 [INFO ] | main | io.vertx.up.unity.D10046FirstTc | [1;30m[ μηδέν ] [m[ Tc ] Test input file reading from: test/io.vertx.up.unity/d10046-arr.json 
2023-09-04 07:21:14,788 [INFO ] | main | io.vertx.up.unity.IrAndTc | [1;30m[ μηδέν ] [m[ Tc ] Test input file reading from: test/io.vertx.up.unity/qr-left.json 
2023-09-04 07:21:14,788 [INFO ] | main | io.vertx.up.unity.IrAndTc | [1;30m[ μηδέν ] [m[ Tc ] Test input file reading from: test/io.vertx.up.unity/qr-right.json 
2023-09-04 07:21:14,798 [INFO ] | main | io.vertx.up.unity.D10051Tc | [1;30m[ μηδέν ] [m[ Tc ] Test input file reading from: test/io.vertx.up.unity/d10051.json 
2023-09-04 07:21:14,800 [INFO ] | main | io.vertx.up.unity.ToCommon | [1;30m[ μηδέν ] [mMount pojo configuration file d10051 
2023-09-04 07:21:14,806 [INFO ] | main | io.vertx.up.unity.UxToTc | [1;30m[ μηδέν ] [m[ ZERO TEST ] Data: {"name":"Lang","email":"lang.yu@hpe.com","age":12} 
2023-09-04 07:21:14,810 [INFO ] | main | io.vertx.up.unity.ToCommon | [1;30m[ μηδέν ] [mMount pojo configuration file user 
2023-09-04 07:21:14,811 [INFO ] | main | io.vertx.up.unity.UxToTc | [1;30m[ μηδέν ] [m[ ZERO TEST ] Pojo Data: {"zName":"Lang","zEmail":"lang.yu@hpe.com","age":12} 
2023-09-04 07:21:14,821 [INFO ] | main | io.vertx.up.util.Jackson1Tc | [1;30m[ μηδέν ] [m[ Tc ] Test input file reading from: test/io.vertx.up.util/pojo.json 
2023-09-04 07:21:14,833 [INFO ] | main | io.vertx.up.commune.ActInTc | [1;30m[ μηδέν ] [m[ Tc ] Test input file reading from: test/io.vertx.up.commune/request.json 
2023-09-04 07:21:14,838 [INFO ] | main | io.vertx.up.uca.jooq.util.JqCondTc | [1;30m[ μηδέν ] [m[ Tc ] Test input file reading from: test/io.vertx.up.uca.jooq.util/input.json 
2023-09-04 07:21:14,846 [INFO ] | main | io.vertx.up.uca.web.ZeroSerializationTc | [1;30m[ μηδέν ] [m[TEST] Data = Test StringBuilder, Type = java.lang.StringBuilder. 
2023-09-04 07:21:14,850 [WARN ] | main | io.vertx.up.uca.serialization.BooleanSaber | [1;30m[ μηδέν ] [m[ ERR-60004 ] ( BooleanSaber ) Web Error: (400) - Zero system detect conversation from "TEST" to type "boolean", but its conflict 
2023-09-04 07:21:14,850 [WARN ] | main | io.vertx.up.uca.serialization.BooleanSaber | [ ERR-60004 ] ( BooleanSaber ) Web Error: (400) - Zero system detect conversation from "TEST" to type "boolean", but its conflict 
2023-09-04 07:21:14,854 [INFO ] | main | io.vertx.up.uca.web.ZeroSerializationTc | [1;30m[ μηδέν ] [m[TEST] Data = true, Type = java.lang.Boolean. 
2023-09-04 07:21:14,857 [INFO ] | main | io.vertx.up.uca.web.ZeroSerializationTc | [1;30m[ μηδέν ] [m[TEST] Data = false, Type = java.lang.Boolean. 
2023-09-04 07:21:14,861 [INFO ] | main | io.vertx.up.uca.web.ZeroSerializationTc | [1;30m[ μηδέν ] [m[TEST] Data = [{name=Lang}], Type = java.util.Set. 
2023-09-04 07:21:14,864 [INFO ] | main | io.vertx.up.uca.web.ZeroSerializationTc | [1;30m[ μηδέν ] [m[TEST] Data = [{name=Lang}], Type = java.util.List. 
2023-09-04 07:21:14,868 [INFO ] | main | io.vertx.up.uca.web.ZeroSerializationTc | [1;30m[ μηδέν ] [m[TEST] Data = 12/9/18, 12:00 AM, Type = java.util.Date. 
2023-09-04 07:21:14,871 [INFO ] | main | io.vertx.up.uca.web.ZeroSerializationTc | [1;30m[ μηδέν ] [m[TEST] Data = java.util.GregorianCalendar[time=1544284800000,areFieldsSet=true,areAllFieldsSet=true,lenient=true,zone=sun.util.calendar.ZoneInfo[id="Asia/Shanghai",offset=28800000,dstSavings=0,useDaylight=false,transitions=31,lastRule=null],firstDayOfWeek=1,minimalDaysInFirstWeek=1,ERA=1,YEAR=2018,MONTH=11,WEEK_OF_YEAR=50,WEEK_OF_MONTH=3,DAY_OF_MONTH=9,DAY_OF_YEAR=343,DAY_OF_WEEK=1,DAY_OF_WEEK_IN_MONTH=2,AM_PM=0,HOUR=0,HOUR_OF_DAY=0,MINUTE=0,SECOND=0,MILLISECOND=0,ZONE_OFFSET=28800000,DST_OFFSET=0], Type = java.util.Calendar. 
2023-09-04 07:21:14,874 [INFO ] | main | io.vertx.up.uca.web.ZeroSerializationTc | [1;30m[ μηδέν ] [m[TEST] Data = STRING, Type = io.vertx.up.uca.web.TestEnum. 
2023-09-04 07:21:14,877 [INFO ] | main | io.vertx.up.uca.web.ZeroSerializationTc | [1;30m[ μηδέν ] [m[TEST] Data = OBJECT, Type = io.vertx.up.uca.web.TestEnum. 
2023-09-04 07:21:14,884 [INFO ] | main | io.vertx.up.uca.web.ZeroSerializationTc | [1;30m[ μηδέν ] [m[TEST] Data = 12,345,123,123, Type = java.lang.Long. 
2023-09-04 07:21:14,887 [INFO ] | main | io.vertx.up.uca.web.ZeroSerializationTc | [1;30m[ μηδέν ] [m[TEST] Data = 1,234,512,312,312, Type = long. 
2023-09-04 07:21:14,890 [INFO ] | main | io.vertx.up.uca.web.ZeroSerializationTc | [1;30m[ μηδέν ] [m[TEST] Data = 1,234, Type = java.lang.Integer. 
2023-09-04 07:21:14,893 [INFO ] | main | io.vertx.up.uca.web.ZeroSerializationTc | [1;30m[ μηδέν ] [m[TEST] Data = 123,456, Type = int. 
2023-09-04 07:21:14,896 [INFO ] | main | io.vertx.up.uca.web.ZeroSerializationTc | [1;30m[ μηδέν ] [m[TEST] Data = [{name=Lang}], Type = java.util.ArrayList. 
2023-09-04 07:21:14,899 [INFO ] | main | io.vertx.up.uca.web.ZeroSerializationTc | [1;30m[ μηδέν ] [m[TEST] Data = null, Type = java.util.TreeSet. 
2023-09-04 07:21:14,901 [INFO ] | main | io.vertx.up.uca.web.ZeroSerializationTc | [1;30m[ μηδέν ] [m[TEST] Data = [{username=Xi, email=lang.xi@hpe.com}, {username=Lang, age=33}], Type = java.util.Set. 
2023-09-04 07:21:14,904 [INFO ] | main | io.vertx.up.uca.web.ZeroSerializationTc | [1;30m[ μηδέν ] [m[TEST] Data = Test StringBuffer, Type = java.lang.StringBuffer. 
2023-09-04 07:21:14,908 [INFO ] | main | io.vertx.up.uca.web.ZeroSerializationTc | [1;30m[ μηδέν ] [m[TEST] Data = 12,345.33, Type = java.math.BigDecimal. 
2023-09-04 07:21:14,918 [INFO ] | main | io.vertx.up.uca.web.ZeroSerializationTc | [1;30m[ μηδέν ] [m[TEST] Data = [B@6c302a1d, Type = [Ljava.lang.Byte;. 
2023-09-04 07:21:14,922 [INFO ] | main | io.vertx.up.uca.web.ZeroSerializationTc | [1;30m[ μηδέν ] [m[TEST] Data = [B@5bb51241, Type = [B. 
2023-09-04 07:21:14,927 [INFO ] | main | io.vertx.up.uca.web.ZeroSerializationTc | [1;30m[ μηδέν ] [m[TEST] Data = 12,345.33, Type = float. 
2023-09-04 07:21:14,930 [INFO ] | main | io.vertx.up.uca.web.ZeroSerializationTc | [1;30m[ μηδέν ] [m[TEST] Data = 12,345.33, Type = java.lang.Float. 
2023-09-04 07:21:14,932 [INFO ] | main | io.vertx.up.uca.web.ZeroSerializationTc | [1;30m[ μηδέν ] [m[TEST] Data = [{"name":"Lang"}], Type = io.vertx.core.json.JsonArray. 
2023-09-04 07:21:14,935 [INFO ] | main | io.vertx.up.uca.web.ZeroSerializationTc | [1;30m[ μηδέν ] [m[TEST] Data = 12,345.33, Type = double. 
2023-09-04 07:21:14,938 [INFO ] | main | io.vertx.up.uca.web.ZeroSerializationTc | [1;30m[ μηδέν ] [m[TEST] Data = 12,345.33, Type = java.lang.Double. 
2023-09-04 07:21:14,940 [INFO ] | main | io.vertx.up.uca.web.ZeroSerializationTc | [1;30m[ μηδέν ] [m[TEST] Data = {"name":"Lang"}, Type = io.vertx.core.json.JsonObject. 
2023-09-04 07:21:14,943 [INFO ] | main | io.vertx.up.uca.web.ZeroSerializationTc | [1;30m[ μηδέν ] [m[TEST] Data = 12,345, Type = short. 
2023-09-04 07:21:14,946 [INFO ] | main | io.vertx.up.uca.web.ZeroSerializationTc | [1;30m[ μηδέν ] [m[TEST] Data = 12,345, Type = java.lang.Short. 
2023-09-04 07:21:14,949 [INFO ] | main | io.vertx.up.uca.web.ZeroSerializationTc | [1;30m[ μηδέν ] [m[TEST] Data = 1234, Type = java.lang.String. 
2023-09-04 07:21:14,953 [INFO ] | main | io.vertx.up.uca.web.ZeroTypeTc | [1;30m[ μηδέν ] [m[TEST] Data = {"request":2}, Type = java.lang.Integer. 
2023-09-04 07:21:14,957 [INFO ] | main | io.vertx.up.uca.web.ZeroTypeTc | [1;30m[ μηδέν ] [m[TEST] Data = {"request":["Hello"]}, Type = java.util.HashSet. 
2023-09-04 07:21:14,960 [INFO ] | main | io.vertx.up.uca.web.ZeroTypeTc | [1;30m[ μηδέν ] [m[TEST] Data = {"request":"AAAAAAAAAAAAAAAAAAAAAA"}, Type = [B. 
2023-09-04 07:21:14,964 [INFO ] | main | io.vertx.up.uca.web.ZeroTypeTc | [1;30m[ μηδέν ] [m[TEST] Data = {"request":1693783274964}, Type = java.util.GregorianCalendar. 
2023-09-04 07:21:14,967 [INFO ] | main | io.vertx.up.uca.web.ZeroTypeTc | [1;30m[ μηδέν ] [m[TEST] Data = {"request":"2023-09-04"}, Type = java.time.LocalDate. 
2023-09-04 07:21:14,967 [INFO ] | main | io.vertx.up.uca.web.ZeroTypeTc | [1;30m[ μηδέν ] [m[TEST] Data = {"request":"07:21:14.967780"}, Type = java.time.LocalTime. 
2023-09-04 07:21:14,968 [INFO ] | main | io.vertx.up.uca.web.ZeroTypeTc | [1;30m[ μηδέν ] [m[TEST] Data = {"request":"2023-09-04T07:21:14.967961"}, Type = java.time.LocalDateTime. 
2023-09-04 07:21:14,970 [INFO ] | main | io.vertx.up.uca.web.ZeroTypeTc | [1;30m[ μηδέν ] [m[TEST] Data = {"request":22}, Type = java.lang.Long. 
2023-09-04 07:21:14,975 [INFO ] | main | io.vertx.up.uca.web.ZeroTypeTc | [1;30m[ μηδέν ] [m[TEST] Data = {"request":[{"name":"Lang","email":"silentbalanceyh@126.com"},null]}, Type = [Lio.vertx.up.uca.web.User;. 
2023-09-04 07:21:14,978 [INFO ] | main | io.vertx.up.uca.web.ZeroTypeTc | [1;30m[ μηδέν ] [m[TEST] Data = {"request":1693783274977}, Type = java.util.Date. 
2023-09-04 07:21:14,980 [INFO ] | main | io.vertx.up.uca.web.ZeroTypeTc | [1;30m[ μηδέν ] [m[TEST] Data = {"request":"STRING"}, Type = io.vertx.up.uca.web.KTest. 
2023-09-04 07:21:14,983 [INFO ] | main | io.vertx.up.uca.web.ZeroTypeTc | [1;30m[ μηδέν ] [m[TEST] Data = {"request":3}, Type = java.lang.Integer. 
2023-09-04 07:21:14,985 [INFO ] | main | io.vertx.up.uca.web.ZeroTypeTc | [1;30m[ μηδέν ] [m[TEST] Data = {"request":3}, Type = java.lang.Long. 
2023-09-04 07:21:14,987 [INFO ] | main | io.vertx.up.uca.web.ZeroTypeTc | [1;30m[ μηδέν ] [m[TEST] Data = {"request":null}, Type = null. 
2023-09-04 07:21:14,990 [INFO ] | main | io.vertx.up.uca.web.ZeroTypeTc | [1;30m[ μηδέν ] [m[TEST] Data = {"request":null}, Type = io.vertx.up.uca.web.User. 
2023-09-04 07:21:14,993 [INFO ] | main | io.vertx.up.uca.web.ZeroTypeTc | [1;30m[ μηδέν ] [m[TEST] Data = {"request":[{"name":"Lang","email":"silentbalanceyh@126.com"}]}, Type = java.util.ArrayList. 
2023-09-04 07:21:14,996 [INFO ] | main | io.vertx.up.uca.web.ZeroTypeTc | [1;30m[ μηδέν ] [m[TEST] Data = {"request":3.33}, Type = java.lang.Float. 
2023-09-04 07:21:14,997 [INFO ] | main | io.vertx.up.uca.web.ZeroTypeTc | [1;30m[ μηδέν ] [m[TEST] Data = {"request":2.44}, Type = java.math.BigDecimal. 
2023-09-04 07:21:14,999 [INFO ] | main | io.vertx.up.uca.web.ZeroTypeTc | [1;30m[ μηδέν ] [m[TEST] Data = {"request":"Buffer"}, Type = java.lang.StringBuffer. 
2023-09-04 07:21:15,003 [INFO ] | main | io.vertx.up.uca.web.ZeroTypeTc | [1;30m[ μηδέν ] [m[TEST] Data = {"request":2.33}, Type = java.lang.Double. 
2023-09-04 07:21:15,005 [INFO ] | main | io.vertx.up.uca.web.ZeroTypeTc | [1;30m[ μηδέν ] [m[TEST] Data = {"request":3.33}, Type = java.lang.Float. 
2023-09-04 07:21:15,007 [INFO ] | main | io.vertx.up.uca.web.ZeroTypeTc | [1;30m[ μηδέν ] [m[TEST] Data = {"request":["Hello","Lang"]}, Type = [Ljava.lang.String;. 
2023-09-04 07:21:15,013 [INFO ] | main | io.vertx.up.uca.serialization.BufferSaberTc | [1;30m[ μηδέν ] [m[ Tc ] Test input file reading from: test/io.vertx.up.uca.serialization/data 
2023-09-04 07:21:15,066 [INFO ] | main | io.vertx.up.runtime.ZeroPack | [1;30m[ μηδέν ] [mIgnored packages: [ "android.annotation", "aj.org.objectweb", "camundajar", "camundafeel", "cglib", "ch.qos.logback", "co.paralleluniverse", "connectjar", "com.aliyun", "com.carrotsearch", "com.eclipsesource", "com.esotericsoftware", "com.fasterxml", "com.github", "com.google", "com.graphbuilder", "com.hazelcast", "com.hp", "com.intellij", "com.jcraft.jzlib", "com.microfocus", "com.microsoft", "com.mysql", "com.netflix", "com.oracle", "com.sun", "com.tdunning", "com.zaxxer", "com.codahale", "de.javakaffee", "de.odysseus", "examples", "fastparse", "geny", "io.github", "io.github.jklingsporn", "io.grpc", "io.micrometer", "io.netty", "io.opentracing", "io.prometheus", "io.perfmark", "io.reactivex", "io.r2dbc", "io.termd", "io.vertx.codegen", "io.vertx.config", "io.vertx.core", "io.vertx.ext", "io.vertx.lang", "io.vertx.spi", "io.vertx.zero", "io.zero", "jakarta", "joptsimple", "java", "java.util.concurrent", "javassist", "javax", "jdk", "junit", "kotlin", "me.escofflier", "mousio", "net", "oracle", "org.HdrHistogram", "org.aopalliance", "org.aspectj", "org.apache", "org.camunda", "org.checkerframework", "org.cliffc", "org.conscrypt", "org.codehaus", "org.eclipse", "org.elasticsearch", "org.etsi", "org.glassfish", "org.hamcrest", "org.hibernate", "org.intellij", "org.infinispan", "org.jboss", "org.jetbrains", "org.jgroups", "org.joda", "org.jooq", "org.json", "org.junit", "org.jvnet", "org.mvel2", "org.neo4j", "org.objenesis", "org.objectweb", "org.openxmlformats", "org.osgi", "org.reactivestreams", "org.reflections", "org.slf4j", "org.tartarus", "org.w3c", "org.w3", "org.wildfly", "org.xml", "org.yaml", "protostream", "picocli", "redis", "scala", "sourcecode", "schemaorg_apache_xmlbeans", "sun", "META-INF" ], please check whether contains yours 
2023-09-04 07:21:15,274 [INFO ] | main | io.vertx.up.runtime.ZeroPack | [1;30m[ μηδέν ] [mZero system scanned `752` classes in total. 
2023-09-04 07:21:15,275 [INFO ] | main | io.vertx.up.boot.origin.GuiceInquirer | [1;30m[ μηδέν ] [m[ DI ] The DI environment will be initialized! Total = `752` 
2023-09-04 07:21:15,283 [INFO ] | main | io.vertx.up.boot.origin.GuiceInquirer | [1;30m[ μηδέν ] [m[ DI ] 1st scanned, field = 0, method = 0, constructor = 0 
2023-09-04 07:21:15,317 [INFO ] | main | io.vertx.boot.supply.ZeroAnno | [1;30m[ μηδέν ] [mZero Zone DI Environment.... Size= 752 
2023-09-04 07:21:15,319 [WARN ] | main | io.vertx.up.boot.origin.WallInquirer | [ ERR-40038 ] ( WallInquirer ) Booting Error: (Security) Zero system detected duplicated "Wall" classes [io.vertx.quiz.example.WallKeeper2,io.vertx.quiz.example.WallKeeper3,io.vertx.quiz.example.WallKeeper1] (Path & Order) should not be the same, it's invalid 
